
> onspace-app@1.0.0 typecheck:app
> tsc -p tsconfig.app.json --noEmit

app/consultation/schedule.tsx(215,13): error TS2322: Type '"scheduled"' is not assignable to type '"pending" | "active" | "completed" | "cancelled" | "no_show"'.
app/dashboard.tsx(518,19): error TS2322: Type 'readonly any[]' is not assignable to type 'readonly [ColorValue, ColorValue, ...ColorValue[]]'.
  Source provides no match for required element at position 0 in target.
app/onboarding/platform-guide.tsx(197,21): error TS2322: Type 'string[]' is not assignable to type 'readonly [ColorValue, ColorValue, ...ColorValue[]]'.
  Source provides no match for required element at position 0 in target.
app/signup/confirmation.tsx(111,69): error TS2367: This comparison appears to be unintentional because the types 'string | string[]' and 'boolean' have no overlap.
app/signup/confirmation.tsx(112,67): error TS2367: This comparison appears to be unintentional because the types 'string | string[]' and 'boolean' have no overlap.
app/signup/confirmation.tsx(113,65): error TS2367: This comparison appears to be unintentional because the types 'string | string[]' and 'boolean' have no overlap.
app/signup/confirmation.tsx(133,26): error TS2339: Property 'creditCard' does not exist on type '{ fullName: string; cpf: string; birthDate: string; email: string; phone: string; cep: string; street: string; number: string; complement: string; neighborhood: string; city: string; state: string; includeSpecialists: boolean; ... 6 more ...; paymentMethod: "pix" | ... 1 more ... | "boleto"; }'.
app/signup/payment.tsx(92,7): error TS2322: Type '{ includeSpecialists: boolean; includePsychology: boolean; includeNutrition: boolean; memberCount: number; paymentMethod: PaymentMethod; serviceType: string; totalPrice: number; discountPercentage: number; }' is not assignable to type 'RouteParamInput<string>'.
  Type '{ includeSpecialists: boolean; includePsychology: boolean; includeNutrition: boolean; memberCount: number; paymentMethod: PaymentMethod; serviceType: string; totalPrice: number; discountPercentage: number; }' is not assignable to type 'UnknownInputParams'.
    Property 'includeSpecialists' is incompatible with index signature.
      Type 'boolean' is not assignable to type 'string | number | (string | number)[]'.
app/tutorial.tsx(100,7): error TS2322: Type 'string[]' is not assignable to type 'readonly [ColorValue, ColorValue, ...ColorValue[]]'.
  Source provides no match for required element at position 0 in target.
app/tutorial.tsx(149,23): error TS2322: Type 'string[]' is not assignable to type 'readonly [ColorValue, ColorValue, ...ColorValue[]]'.
  Source provides no match for required element at position 0 in target.
components/MyAppointmentsScreen.tsx(141,13): error TS2322: Type 'string' is not assignable to type '"filter" | "difference" | "title" | "light" | "message" | "search" | "repeat" | "anchor" | "link" | "sort" | "map" | "input" | "article" | "code" | "details" | "html" | "label" | ... 2216 more ... | "zoom-out-map"'.
components/NotificationScreen.tsx(66,11): error TS2322: Type 'string' is not assignable to type '"filter" | "difference" | "title" | "light" | "message" | "search" | "repeat" | "anchor" | "link" | "sort" | "map" | "input" | "article" | "code" | "details" | "html" | "label" | ... 2216 more ... | "zoom-out-map"'.
hooks/useActiveBeneficiaryAuth.ts(92,67): error TS2345: Argument of type 'string' is not assignable to parameter of type 'LogContext'.
hooks/useActiveBeneficiaryAuth.ts(153,51): error TS2339: Property 'generic' does not exist on type '{ network: { title: string; message: string; type: "error"; }; server: { title: string; message: string; type: "error"; }; unknown: { title: string; message: string; type: "error"; }; timeout: { title: string; message: string; type: "error"; }; }'.
hooks/useIntegratedNotifications.ts(82,35): error TS2694: Namespace 'global.NodeJS' has no exported member 'Timeout'.
hooks/useNotifications.ts(4,10): error TS2305: Module '"expo-modules-core"' has no exported member 'Subscription'.
hooks/useNotifications.ts(29,32): error TS2554: Expected 1 arguments, but got 0.
hooks/useNotifications.ts(30,28): error TS2554: Expected 1 arguments, but got 0.
hooks/useRapidocCPF.tsx(15,51): error TS2339: Property 'notAuthenticated' does not exist on type '{ network: { title: string; message: string; type: "error"; }; server: { title: string; message: string; type: "error"; }; unknown: { title: string; message: string; type: "error"; }; timeout: { title: string; message: string; type: "error"; }; }'.
hooks/useRapidocCPF.tsx(21,54): error TS2339: Property 'connecting' does not exist on type '{ starting: { title: string; message: string; type: "info"; }; success: (consultationUrl: string) => { title: string; message: string; type: "success"; action: { label: string; url: string; }; }; error: { ...; }; noDoctor: { ...; }; }'.
hooks/useRapidocCPF.tsx(26,29): error TS2345: Argument of type '(consultationUrl: string) => { title: string; message: string; type: "success"; action: { label: string; url: string; }; }' is not assignable to parameter of type '{ title: string; message: string; type: string; }'.
hooks/useRealTimeUpdates.ts(105,45): error TS2339: Property 'id' does not exist on type '{ name: string; cpf: string; email: string; phone: string; }'.
hooks/useRealTimeUpdates.ts(107,16): error TS2339: Property 'id' does not exist on type '{ name: string; cpf: string; email: string; phone: string; }'.
hooks/useRealTimeUpdates.ts(194,13): error TS2339: Property 'id' does not exist on type '{ name: string; cpf: string; email: string; phone: string; }'.
hooks/useThemeColor.ts(6,24): error TS2307: Cannot find module '@/constants/Colors' or its corresponding type declarations.
hooks/useThemeColor.ts(7,32): error TS2307: Cannot find module '@/hooks/useColorScheme' or its corresponding type declarations.
services/active-beneficiary-auth.ts(48,62): error TS2345: Argument of type 'string' is not assignable to parameter of type 'LogContext'.
services/active-beneficiary-auth.ts(87,85): error TS2345: Argument of type 'string' is not assignable to parameter of type 'LogContext'.
services/active-beneficiary-auth.ts(106,80): error TS2345: Argument of type 'string' is not assignable to parameter of type 'LogContext'.
services/active-beneficiary-auth.ts(139,94): error TS2345: Argument of type 'string' is not assignable to parameter of type 'LogContext'.
services/appointment-service.ts(87,56): error TS2551: Property 'appointments' does not exist on type 'ApiResponse<any>'. Did you mean 'appointment'?
services/http-client.ts(36,14): error TS2339: Property 'logError' does not exist on type 'RapidocHttpClient'.
services/http-client.ts(72,9): error TS2322: Type 'number' is not assignable to type 'string'.
services/http-client.ts(81,9): error TS2322: Type 'number' is not assignable to type 'string'.
services/http-client.ts(92,9): error TS2322: Type 'number' is not assignable to type 'string'.
services/notifications.ts(8,35): error TS2322: Type 'Promise<{ shouldShowAlert: true; shouldPlaySound: true; shouldSetBadge: true; }>' is not assignable to type 'Promise<NotificationBehavior>'.
  Type '{ shouldShowAlert: true; shouldPlaySound: true; shouldSetBadge: true; }' is missing the following properties from type 'NotificationBehavior': shouldShowBanner, shouldShowList
services/notifications.ts(151,7): error TS2322: Type 'Date' is not assignable to type 'NotificationTriggerInput'.
services/notifications.ts(194,12): error TS2352: Conversion of type 'NotificationRequest[]' to type 'ScheduledNotification[]' may be a mistake because neither type sufficiently overlaps with the other. If this was intentional, convert the expression to 'unknown' first.
  Property 'id' is missing in type 'NotificationRequest' but required in type 'ScheduledNotification'.
services/rapidoc.ts(116,39): error TS2367: This comparison appears to be unintentional because the types '"GET" | "DELETE"' and '"PUT"' have no overlap.
services/real-time.ts(131,48): error TS2339: Property 'read' does not exist on type '{} | Partial<any>'.
  Property 'read' does not exist on type '{}'.
services/real-time.ts(174,65): error TS2339: Property 'status' does not exist on type '{} | Partial<any>'.
  Property 'status' does not exist on type '{}'.
services/real-time.ts(177,62): error TS2339: Property 'status' does not exist on type '{} | Partial<any>'.
  Property 'status' does not exist on type '{}'.
services/registration.ts(8,10): error TS2305: Module '"./beneficiary-service"' has no exported member 'createBeneficiary'.
utils/alertHelpers.ts(134,25): error TS2694: Namespace 'global.NodeJS' has no exported member 'Timeout'.
utils/syncHelpers.ts(26,44): error TS2339: Property 'count' does not exist on type '{ count: number; }[]'.
utils/syncHelpers.ts(38,39): error TS2339: Property 'count' does not exist on type '{ count: number; }[]'.
